<?xml version="1.0" encoding="UTF-8"?>
<!-- Generated by org.testng.reporters.JUnitReportReporter -->
<testsuite hostname="DESKTOP-9Q4BJS6" failures="0" tests="3" name="ActualLab7.Q6" time="11.433" errors="0" timestamp="2022-03-18T15:03:45 EDT" skipped="0">
  <testcase classname="ActualLab7.Q6" name="executeSession2" time="3.253"/>
  <system-out/>
  <testcase classname="ActualLab7.Q6" name="executeSession1" time="4.429"/>
  <system-out/>
  <testcase classname="ActualLab7.Q6" name="executeSession3" time="3.751"/>
  <system-out/>
</testsuite> <!-- ActualLab7.Q6 -->
