<?xml version="1.0" encoding="UTF-8"?>
<!-- Generated by org.testng.reporters.JUnitReportReporter -->
<testsuite hostname="DESKTOP-9Q4BJS6" failures="0" tests="3" name="ActualLab7.Q4" time="2.745" errors="0" timestamp="2022-03-18T17:00:28 EDT" skipped="0">
  <testcase classname="ActualLab7.Q4" name="openBrowser" time="1.794"/>
  <system-out/>
  <testcase classname="ActualLab7.Q4" name="launchGuru" time="0.590"/>
  <system-out/>
  <testcase classname="ActualLab7.Q4" name="checkAndAddElements" time="0.361"/>
  <system-out/>
</testsuite> <!-- ActualLab7.Q4 -->
