<?xml version="1.0" encoding="UTF-8"?>
<!-- Generated by org.testng.reporters.JUnitReportReporter -->
<testsuite hostname="DESKTOP-9Q4BJS6" failures="0" tests="5" name="ActualLab7.Q1" time="0.015" errors="0" timestamp="2022-03-18T14:55:18 EDT" skipped="0">
  <testcase classname="ActualLab7.Q1" name="c_method" time="0.001"/>
  <system-out/>
  <testcase classname="ActualLab7.Q1" name="e_method" time="0.001"/>
  <system-out/>
  <testcase classname="ActualLab7.Q1" name="b_method" time="0.011"/>
  <system-out/>
  <testcase classname="ActualLab7.Q1" name="d_method" time="0.001"/>
  <system-out/>
  <testcase classname="ActualLab7.Q1" name="a_method" time="0.001"/>
  <system-out/>
</testsuite> <!-- ActualLab7.Q1 -->
