<?xml version="1.0" encoding="UTF-8"?>
<!-- Generated by org.testng.reporters.JUnitReportReporter -->
<testsuite hostname="DESKTOP-9Q4BJS6" failures="0" tests="1" name="ActualLab7.Q7" time="12.506" errors="0" timestamp="2022-03-27T21:25:44 EDT" skipped="0">
  <testcase classname="ActualLab7.Q7" name="loginToLinkedIn" time="12.506"/>
  <system-out/>
</testsuite> <!-- ActualLab7.Q7 -->
