<?xml version="1.0" encoding="UTF-8"?>
<!-- Generated by org.testng.reporters.JUnitReportReporter -->
<testsuite hostname="DESKTOP-9Q4BJS6" failures="0" tests="5" name="ActualLab7.Q5" time="11.584" errors="0" timestamp="2022-03-27T21:26:58 EDT" skipped="0">
  <testcase classname="ActualLab7.Q5" name="openBrowser" time="1.848"/>
  <system-out/>
  <testcase classname="ActualLab7.Q5" name="launchGoogle" time="0.642"/>
  <system-out/>
  <testcase classname="ActualLab7.Q5" name="peformSeachAndClick1stLink" time="0.092"/>
  <system-out/>
  <testcase classname="ActualLab7.Q5" name="FaceBookPageTitleVerification" time="4.901"/>
  <system-out/>
  <testcase classname="ActualLab7.Q5" name="driverexit" time="4.101"/>
  <system-out/>
</testsuite> <!-- ActualLab7.Q5 -->
