<?xml version="1.0" encoding="UTF-8"?>
<!-- Generated by org.testng.reporters.JUnitReportReporter -->
<testsuite hostname="DESKTOP-9Q4BJS6" failures="0" tests="3" name="ActualLab7.Q3" time="6.756" errors="0" timestamp="2022-03-18T17:00:24 EDT" skipped="0">
  <testcase classname="ActualLab7.Q3" name="openBrowser" time="1.858"/>
  <system-out/>
  <testcase classname="ActualLab7.Q3" name="launchFacebook" time="0.718"/>
  <system-out/>
  <testcase classname="ActualLab7.Q3" name="checkTagName" time="4.180"/>
  <system-out/>
</testsuite> <!-- ActualLab7.Q3 -->
