<?xml version="1.0" encoding="UTF-8"?>
<!-- Generated by org.testng.reporters.JUnitReportReporter -->
<testsuite hostname="DESKTOP-9Q4BJS6" failures="0" tests="1" name="ActualLab7.Q2" time="4.659" errors="0" timestamp="2022-03-18T14:56:30 EDT" skipped="0">
  <testcase classname="ActualLab7.Q2" name="Q2" time="4.659"/>
  <system-out/>
</testsuite> <!-- ActualLab7.Q2 -->
